<?xml version="1.0" encoding="UTF-8"?>
<!-- Generated by org.testng.reporters.JUnitReportReporter -->
<testsuite hostname="LAPTOP-HGQB23RJ" failures="0" tests="1" name="AutomationProject.NavigationExample" time="35.250" errors="0" timestamp="2024-03-01T11:41:41 BDT" skipped="0">
  <testcase classname="AutomationProject.NavigationExample" name="testNavigation" time="35.250"/>
</testsuite> <!-- AutomationProject.NavigationExample -->
