<?xml version="1.0" encoding="UTF-8"?>
<!-- Generated by org.testng.reporters.JUnitReportReporter -->
<testsuite hostname="LAPTOP-HGQB23RJ" failures="0" tests="2" name="AutomationProject.TestNGExample" time="0.010" errors="0" timestamp="2024-02-14T08:57:14 BDT" skipped="0">
  <testcase classname="AutomationProject.TestNGExample" name="firstTest" time="0.008"/>
  <testcase classname="AutomationProject.TestNGExample" name="extraTest" time="0.002"/>
</testsuite> <!-- AutomationProject.TestNGExample -->
