<?xml version="1.0" encoding="UTF-8"?>
<!-- Generated by org.testng.reporters.JUnitReportReporter -->
<testsuite hostname="LAPTOP-HGQB23RJ" failures="0" tests="1" name="AutomationProject.LocatorExamples" time="18.486" errors="0" timestamp="2024-02-28T20:03:19 BDT" skipped="0">
  <testcase classname="AutomationProject.LocatorExamples" name="xPathLocator" time="18.486"/>
</testsuite> <!-- AutomationProject.LocatorExamples -->
