<?xml version="1.0" encoding="UTF-8"?>
<!-- Generated by org.testng.reporters.JUnitReportReporter -->
<testsuite hostname="LAPTOP-HGQB23RJ" failures="0" tests="1" name="AutomationProject.CopyPaste" time="9.222" errors="0" timestamp="2024-03-06T17:09:57 BDT" skipped="0">
  <testcase classname="AutomationProject.CopyPaste" name="exampleCopy" time="9.222"/>
</testsuite> <!-- AutomationProject.CopyPaste -->
