<?xml version="1.0" encoding="UTF-8"?>
<!-- Generated by org.testng.reporters.JUnitReportReporter -->
<testsuite hostname="LAPTOP-HGQB23RJ" failures="0" tests="1" name="AutomationProject.OpenURL" time="3.708" errors="0" timestamp="2024-02-06T12:09:04 BDT" skipped="0">
  <testcase classname="AutomationProject.OpenURL" name="testURL" time="3.708"/>
</testsuite> <!-- AutomationProject.OpenURL -->
