<?xml version="1.0" encoding="UTF-8"?>
<!-- Generated by org.testng.reporters.JUnitReportReporter -->
<testsuite hostname="LAPTOP-HGQB23RJ" failures="0" tests="1" name="AutomationProject.ScrollPage" time="14.908" errors="0" timestamp="2024-03-06T13:35:13 BDT" skipped="0">
  <testcase classname="AutomationProject.ScrollPage" name="scrollUp" time="14.908"/>
</testsuite> <!-- AutomationProject.ScrollPage -->
