<?xml version="1.0" encoding="UTF-8"?>
<!-- Generated by org.testng.reporters.JUnitReportReporter -->
<testsuite hostname="LAPTOP-HGQB23RJ" failures="0" tests="1" name="AutomationProject.InteractingWebElements" time="89.265" errors="0" timestamp="2024-02-28T23:14:52 BDT" skipped="0">
  <testcase classname="AutomationProject.InteractingWebElements" name="getCurrentUrl" time="89.265"/>
</testsuite> <!-- AutomationProject.InteractingWebElements -->
