<?xml version="1.0" encoding="UTF-8"?>
<!-- Generated by org.testng.reporters.JUnitReportReporter -->
<testsuite hostname="LAPTOP-HGQB23RJ" failures="0" tests="1" name="AutomationProject.HoverExample" time="14.039" errors="0" timestamp="2024-03-06T11:10:46 BDT" skipped="0">
  <testcase classname="AutomationProject.HoverExample" name="scrollUp" time="14.039"/>
</testsuite> <!-- AutomationProject.HoverExample -->
